0 [pool-1-thread-1] ERROR com.documentum.fc.common.impl.logging.LoggingConfigurator  - Problem locating log4j configuration
1 [pool-1-thread-1] WARN com.documentum.fc.common.impl.logging.LoggingConfigurator  - Using default log4j configuration
2 [pool-1-thread-1] ERROR com.documentum.fc.common.impl.preferences.PreferencesManager  - [DFC_PREFERENCE_LOAD_FAILED] Failed to load persistent preferences from null
java.io.FileNotFoundException: dfc.properties
	at com.documentum.fc.common.impl.preferences.PreferencesManager.locateMainPersistentStore(PreferencesManager.java:378)
	at com.documentum.fc.common.impl.preferences.PreferencesManager.readPersistentProperties(PreferencesManager.java:329)
	at com.documentum.fc.common.impl.preferences.PreferencesManager.<init>(PreferencesManager.java:37)
	at com.documentum.fc.common.DfPreferences.initialize(DfPreferences.java:64)
	at com.documentum.fc.common.DfPreferences.getInstance(DfPreferences.java:43)
	at com.documentum.fc.client.DfSimpleDbor.getDefaultDbor(DfSimpleDbor.java:78)
	at com.documentum.fc.client.DfSimpleDbor.<init>(DfSimpleDbor.java:66)
	at com.documentum.fc.client.DfClient$ClientImpl.<init>(DfClient.java:350)
	at com.documentum.fc.client.DfClient.<clinit>(DfClient.java:766)
	at com.documentum.com.DfClientX.getLocalClient(DfClientX.java:43)
	at com.asl.ia.notification.query.dqlQuery.createSessionManager(dqlQuery.java:53)
	at com.asl.ia.notification.query.dqlQuery.run(dqlQuery.java:28)
	at com.asl.ia.notification.scheduler.ScheduledTasks.lambda$0(ScheduledTasks.java:40)
	at java.util.Iterator.forEachRemaining(Iterator.java:116)
	at java.util.Spliterators$IteratorSpliterator.forEachRemaining(Spliterators.java:1801)
	at java.util.stream.ReferencePipeline$Head.forEach(ReferencePipeline.java:580)
	at com.asl.ia.notification.scheduler.ScheduledTasks.reportCurrentTime(ScheduledTasks.java:35)
	at sun.reflect.NativeMethodAccessorImpl.invoke0(Native Method)
	at sun.reflect.NativeMethodAccessorImpl.invoke(NativeMethodAccessorImpl.java:62)
	at sun.reflect.DelegatingMethodAccessorImpl.invoke(DelegatingMethodAccessorImpl.java:43)
	at java.lang.reflect.Method.invoke(Method.java:498)
	at org.springframework.scheduling.support.ScheduledMethodRunnable.run(ScheduledMethodRunnable.java:84)
	at org.springframework.scheduling.support.DelegatingErrorHandlingRunnable.run(DelegatingErrorHandlingRunnable.java:54)
	at java.util.concurrent.Executors$RunnableAdapter.call(Executors.java:511)
	at java.util.concurrent.FutureTask.runAndReset(FutureTask.java:308)
	at java.util.concurrent.ScheduledThreadPoolExecutor$ScheduledFutureTask.access$301(ScheduledThreadPoolExecutor.java:180)
	at java.util.concurrent.ScheduledThreadPoolExecutor$ScheduledFutureTask.run(ScheduledThreadPoolExecutor.java:294)
	at java.util.concurrent.ThreadPoolExecutor.runWorker(ThreadPoolExecutor.java:1149)
	at java.util.concurrent.ThreadPoolExecutor$Worker.run(ThreadPoolExecutor.java:624)
	at java.lang.Thread.run(Thread.java:748)
16 [pool-1-thread-1] ERROR com.documentum.fc.common.DfPreferences  - [DFC_PREFERENCE_BAD_VALUE] Bad value for preference "dfc.date_format", value="yyyy'年'M'月'd'日' ah:mm:ss"
com.documentum.fc.common.DfException: Illegal syntax found in the date format 'yyyy'年'M'月'd'日' ah:mm:ss'. The default localized short date format will be used.
	at com.documentum.fc.common.DfException.newIllegalDateFormatException(DfException.java:109)
	at com.documentum.fc.common.DfPreferences$DateFormatHandler.set(DfPreferences.java:1951)
	at com.documentum.fc.client.DfTypedObject.doSetString(DfTypedObject.java:1441)
	at com.documentum.fc.client.DfTypedObject.setString(DfTypedObject.java:1418)
	at com.documentum.fc.common.impl.preferences.TypedPreferences.loadProperty(TypedPreferences.java:465)
	at com.documentum.fc.common.impl.preferences.TypedPreferences.loadProperties(TypedPreferences.java:343)
	at com.documentum.fc.common.DfPreferences.loadProperties(DfPreferences.java:377)
	at com.documentum.fc.common.impl.preferences.PreferencesManager.<init>(PreferencesManager.java:38)
	at com.documentum.fc.common.DfPreferences.initialize(DfPreferences.java:64)
	at com.documentum.fc.common.DfPreferences.getInstance(DfPreferences.java:43)
	at com.documentum.fc.client.DfSimpleDbor.getDefaultDbor(DfSimpleDbor.java:78)
	at com.documentum.fc.client.DfSimpleDbor.<init>(DfSimpleDbor.java:66)
	at com.documentum.fc.client.DfClient$ClientImpl.<init>(DfClient.java:350)
	at com.documentum.fc.client.DfClient.<clinit>(DfClient.java:766)
	at com.documentum.com.DfClientX.getLocalClient(DfClientX.java:43)
	at com.asl.ia.notification.query.dqlQuery.createSessionManager(dqlQuery.java:53)
	at com.asl.ia.notification.query.dqlQuery.run(dqlQuery.java:28)
	at com.asl.ia.notification.scheduler.ScheduledTasks.lambda$0(ScheduledTasks.java:40)
	at java.util.Iterator.forEachRemaining(Iterator.java:116)
	at java.util.Spliterators$IteratorSpliterator.forEachRemaining(Spliterators.java:1801)
	at java.util.stream.ReferencePipeline$Head.forEach(ReferencePipeline.java:580)
	at com.asl.ia.notification.scheduler.ScheduledTasks.reportCurrentTime(ScheduledTasks.java:35)
	at sun.reflect.NativeMethodAccessorImpl.invoke0(Native Method)
	at sun.reflect.NativeMethodAccessorImpl.invoke(NativeMethodAccessorImpl.java:62)
	at sun.reflect.DelegatingMethodAccessorImpl.invoke(DelegatingMethodAccessorImpl.java:43)
	at java.lang.reflect.Method.invoke(Method.java:498)
	at org.springframework.scheduling.support.ScheduledMethodRunnable.run(ScheduledMethodRunnable.java:84)
	at org.springframework.scheduling.support.DelegatingErrorHandlingRunnable.run(DelegatingErrorHandlingRunnable.java:54)
	at java.util.concurrent.Executors$RunnableAdapter.call(Executors.java:511)
	at java.util.concurrent.FutureTask.runAndReset(FutureTask.java:308)
	at java.util.concurrent.ScheduledThreadPoolExecutor$ScheduledFutureTask.access$301(ScheduledThreadPoolExecutor.java:180)
	at java.util.concurrent.ScheduledThreadPoolExecutor$ScheduledFutureTask.run(ScheduledThreadPoolExecutor.java:294)
	at java.util.concurrent.ThreadPoolExecutor.runWorker(ThreadPoolExecutor.java:1149)
	at java.util.concurrent.ThreadPoolExecutor$Worker.run(ThreadPoolExecutor.java:624)
	at java.lang.Thread.run(Thread.java:748)
477 [pool-1-thread-1] ERROR com.documentum.fc.common.DfPreferences  - [DFC_PREFERENCE_BAD_VALUE] Bad value for preference "dfc.date_format", value="yyyy'年'M'月'd'日' ah:mm:ss"
com.documentum.fc.common.DfException: Illegal syntax found in the date format 'yyyy'年'M'月'd'日' ah:mm:ss'. The default localized short date format will be used.
	at com.documentum.fc.common.DfException.newIllegalDateFormatException(DfException.java:109)
	at com.documentum.fc.common.DfPreferences$DateFormatHandler.set(DfPreferences.java:1951)
	at com.documentum.fc.client.DfTypedObject.doSetString(DfTypedObject.java:1441)
	at com.documentum.fc.client.DfTypedObject.setString(DfTypedObject.java:1418)
	at com.documentum.fc.common.impl.preferences.TypedPreferences.loadProperty(TypedPreferences.java:465)
	at com.documentum.fc.common.impl.preferences.TypedPreferences.loadProperties(TypedPreferences.java:343)
	at com.documentum.fc.common.DfPreferences.loadProperties(DfPreferences.java:377)
	at com.documentum.fc.common.impl.preferences.PreferencesManager.<init>(PreferencesManager.java:39)
	at com.documentum.fc.common.DfPreferences.initialize(DfPreferences.java:64)
	at com.documentum.fc.common.DfPreferences.getInstance(DfPreferences.java:43)
	at com.documentum.fc.client.DfSimpleDbor.getDefaultDbor(DfSimpleDbor.java:78)
	at com.documentum.fc.client.DfSimpleDbor.<init>(DfSimpleDbor.java:66)
	at com.documentum.fc.client.DfClient$ClientImpl.<init>(DfClient.java:350)
	at com.documentum.fc.client.DfClient.<clinit>(DfClient.java:766)
	at com.documentum.com.DfClientX.getLocalClient(DfClientX.java:43)
	at com.asl.ia.notification.query.dqlQuery.createSessionManager(dqlQuery.java:53)
	at com.asl.ia.notification.query.dqlQuery.run(dqlQuery.java:28)
	at com.asl.ia.notification.scheduler.ScheduledTasks.lambda$0(ScheduledTasks.java:40)
	at java.util.Iterator.forEachRemaining(Iterator.java:116)
	at java.util.Spliterators$IteratorSpliterator.forEachRemaining(Spliterators.java:1801)
	at java.util.stream.ReferencePipeline$Head.forEach(ReferencePipeline.java:580)
	at com.asl.ia.notification.scheduler.ScheduledTasks.reportCurrentTime(ScheduledTasks.java:35)
	at sun.reflect.NativeMethodAccessorImpl.invoke0(Native Method)
	at sun.reflect.NativeMethodAccessorImpl.invoke(NativeMethodAccessorImpl.java:62)
	at sun.reflect.DelegatingMethodAccessorImpl.invoke(DelegatingMethodAccessorImpl.java:43)
	at java.lang.reflect.Method.invoke(Method.java:498)
	at org.springframework.scheduling.support.ScheduledMethodRunnable.run(ScheduledMethodRunnable.java:84)
	at org.springframework.scheduling.support.DelegatingErrorHandlingRunnable.run(DelegatingErrorHandlingRunnable.java:54)
	at java.util.concurrent.Executors$RunnableAdapter.call(Executors.java:511)
	at java.util.concurrent.FutureTask.runAndReset(FutureTask.java:308)
	at java.util.concurrent.ScheduledThreadPoolExecutor$ScheduledFutureTask.access$301(ScheduledThreadPoolExecutor.java:180)
	at java.util.concurrent.ScheduledThreadPoolExecutor$ScheduledFutureTask.run(ScheduledThreadPoolExecutor.java:294)
	at java.util.concurrent.ThreadPoolExecutor.runWorker(ThreadPoolExecutor.java:1149)
	at java.util.concurrent.ThreadPoolExecutor$Worker.run(ThreadPoolExecutor.java:624)
	at java.lang.Thread.run(Thread.java:748)
2091 [pool-1-thread-1] WARN com.documentum.fc.client.security.internal.RegistrationMgr  - [DFC_SECURITY_GR_PUBLICATION_FAILED] Publication of DFC instance with global registry failed
DfException:: THREAD: pool-1-thread-1; MSG: [DFC_BOF_GLOBAL_REGISTRY_NOT_CONFIGURED] A global registry is not configured; ERRORCODE: ff; NEXT: null
	at com.documentum.fc.client.security.impl.DfcIdentityPublisher.<init>(DfcIdentityPublisher.java:51)
	at com.documentum.fc.client.security.internal.RegistrationMgr.register(RegistrationMgr.java:34)
	at com.documentum.fc.impl.RuntimeContext.<clinit>(RuntimeContext.java:195)
	at com.documentum.fc.client.DfClient.<clinit>(DfClient.java:772)
	at com.documentum.com.DfClientX.getLocalClient(DfClientX.java:43)
	at com.asl.ia.notification.query.dqlQuery.createSessionManager(dqlQuery.java:53)
	at com.asl.ia.notification.query.dqlQuery.run(dqlQuery.java:28)
	at com.asl.ia.notification.scheduler.ScheduledTasks.lambda$0(ScheduledTasks.java:40)
	at java.util.Iterator.forEachRemaining(Iterator.java:116)
	at java.util.Spliterators$IteratorSpliterator.forEachRemaining(Spliterators.java:1801)
	at java.util.stream.ReferencePipeline$Head.forEach(ReferencePipeline.java:580)
	at com.asl.ia.notification.scheduler.ScheduledTasks.reportCurrentTime(ScheduledTasks.java:35)
	at sun.reflect.NativeMethodAccessorImpl.invoke0(Native Method)
	at sun.reflect.NativeMethodAccessorImpl.invoke(NativeMethodAccessorImpl.java:62)
	at sun.reflect.DelegatingMethodAccessorImpl.invoke(DelegatingMethodAccessorImpl.java:43)
	at java.lang.reflect.Method.invoke(Method.java:498)
	at org.springframework.scheduling.support.ScheduledMethodRunnable.run(ScheduledMethodRunnable.java:84)
	at org.springframework.scheduling.support.DelegatingErrorHandlingRunnable.run(DelegatingErrorHandlingRunnable.java:54)
	at java.util.concurrent.Executors$RunnableAdapter.call(Executors.java:511)
	at java.util.concurrent.FutureTask.runAndReset(FutureTask.java:308)
	at java.util.concurrent.ScheduledThreadPoolExecutor$ScheduledFutureTask.access$301(ScheduledThreadPoolExecutor.java:180)
	at java.util.concurrent.ScheduledThreadPoolExecutor$ScheduledFutureTask.run(ScheduledThreadPoolExecutor.java:294)
	at java.util.concurrent.ThreadPoolExecutor.runWorker(ThreadPoolExecutor.java:1149)
	at java.util.concurrent.ThreadPoolExecutor$Worker.run(ThreadPoolExecutor.java:624)
	at java.lang.Thread.run(Thread.java:748)
0 [pool-1-thread-1] ERROR com.documentum.fc.common.impl.logging.LoggingConfigurator  - Problem locating log4j configuration
0 [pool-1-thread-1] WARN com.documentum.fc.common.impl.logging.LoggingConfigurator  - Using default log4j configuration
0 [pool-1-thread-1] ERROR com.documentum.fc.common.impl.logging.LoggingConfigurator  - Problem locating log4j configuration
2 [pool-1-thread-1] WARN com.documentum.fc.common.impl.logging.LoggingConfigurator  - Using default log4j configuration
0 [pool-1-thread-1] ERROR com.documentum.fc.common.impl.logging.LoggingConfigurator  - Problem locating log4j configuration
0 [pool-1-thread-1] WARN com.documentum.fc.common.impl.logging.LoggingConfigurator  - Using default log4j configuration
0 [pool-1-thread-1] ERROR com.documentum.fc.common.impl.logging.LoggingConfigurator  - Problem locating log4j configuration
0 [pool-1-thread-1] WARN com.documentum.fc.common.impl.logging.LoggingConfigurator  - Using default log4j configuration
0 [pool-1-thread-1] ERROR com.documentum.fc.common.impl.logging.LoggingConfigurator  - Problem locating log4j configuration
0 [pool-1-thread-1] WARN com.documentum.fc.common.impl.logging.LoggingConfigurator  - Using default log4j configuration
0 [pool-1-thread-1] ERROR com.documentum.fc.common.impl.logging.LoggingConfigurator  - Problem locating log4j configuration
0 [pool-1-thread-1] WARN com.documentum.fc.common.impl.logging.LoggingConfigurator  - Using default log4j configuration
0 [pool-1-thread-1] ERROR com.documentum.fc.common.impl.logging.LoggingConfigurator  - Problem locating log4j configuration
5 [pool-1-thread-1] WARN com.documentum.fc.common.impl.logging.LoggingConfigurator  - Using default log4j configuration
0 [pool-1-thread-1] ERROR com.documentum.fc.common.impl.logging.LoggingConfigurator  - Problem locating log4j configuration
0 [pool-1-thread-1] WARN com.documentum.fc.common.impl.logging.LoggingConfigurator  - Using default log4j configuration
